
> LTE-compute@0.0.1 dev /home/xhinliang/code/interference-compute/frontend
> cross-env NODE_ENV=development node build/dev-server.js

Listening at http://localhost:8080

webpack: wait until bundle finished: /index.html
webpack built 74fe26e968fc3692f946 in 28545ms
Hash: [1m74fe26e968fc3692f946[39m[22m
Version: webpack [1m2.2.1[39m[22m
Time: [1m28545[39m[22mms
                                                 [1mAsset[39m[22m       [1mSize[39m[22m      [1mChunks[39m[22m  [1m[39m[22m           [1m[39m[22m       [1mChunk Names[39m[22m
                                                 [1m[32m18.js[39m[22m    53.5 kB          [1m18[39m[22m  [1m[32m[emitted][39m[22m         
            [1m[33massets/img/fontawesome-webfont.912ec66.svg[39m[22m     [1m[33m444 kB[39m[22m            [1m[39m[22m  [1m[32m[emitted][39m[22m  [1m[33m[big][39m[22m  
          [1m[32massets/fonts/fontawesome-webfont.b06871f.ttf[39m[22m     166 kB            [1m[39m[22m  [1m[32m[emitted][39m[22m         
        [1m[32massets/fonts/fontawesome-webfont.af7ae50.woff2[39m[22m    77.2 kB            [1m[39m[22m  [1m[32m[emitted][39m[22m         
         [1m[32massets/fonts/fontawesome-webfont.fee66e7.woff[39m[22m      98 kB            [1m[39m[22m  [1m[32m[emitted][39m[22m         
               [1m[33massets/img/emojione.sprites.7f64a26.svg[39m[22m    [1m[33m3.16 MB[39m[22m            [1m[39m[22m  [1m[32m[emitted][39m[22m  [1m[33m[big][39m[22m  
    [1m[33massets/img/materialdesignicons-webfont.8b3c39c.svg[39m[22m    [1m[33m1.86 MB[39m[22m            [1m[39m[22m  [1m[32m[emitted][39m[22m  [1m[33m[big][39m[22m  
  [1m[32massets/fonts/materialdesignicons-webfont.d5247f9.eot[39m[22m     246 kB            [1m[39m[22m  [1m[32m[emitted][39m[22m         
  [1m[32massets/fonts/materialdesignicons-webfont.3daf0ea.ttf[39m[22m     246 kB            [1m[39m[22m  [1m[32m[emitted][39m[22m         
[1m[32massets/fonts/materialdesignicons-webfont.85f0bd2.woff2[39m[22m    93.9 kB            [1m[39m[22m  [1m[32m[emitted][39m[22m         
 [1m[32massets/fonts/materialdesignicons-webfont.6f612b8.woff[39m[22m     122 kB            [1m[39m[22m  [1m[32m[emitted][39m[22m         
                                                  [1m[33m0.js[39m[22m    [1m[33m2.46 MB[39m[22m           [1m0[39m[22m  [1m[32m[emitted][39m[22m  [1m[33m[big][39m[22m  
                                                  [1m[33m1.js[39m[22m    [1m[33m2.46 MB[39m[22m           [1m1[39m[22m  [1m[32m[emitted][39m[22m  [1m[33m[big][39m[22m  
                                                  [1m[33m2.js[39m[22m    [1m[33m2.19 MB[39m[22m           [1m2[39m[22m  [1m[32m[emitted][39m[22m  [1m[33m[big][39m[22m  
                                                  [1m[32m3.js[39m[22m     152 kB           [1m3[39m[22m  [1m[32m[emitted][39m[22m         
                                                  [1m[33m4.js[39m[22m     [1m[33m269 kB[39m[22m           [1m4[39m[22m  [1m[32m[emitted][39m[22m  [1m[33m[big][39m[22m  
                                                  [1m[32m5.js[39m[22m     106 kB           [1m5[39m[22m  [1m[32m[emitted][39m[22m         
                                                  [1m[32m6.js[39m[22m     120 kB           [1m6[39m[22m  [1m[32m[emitted][39m[22m         
                                                  [1m[32m7.js[39m[22m     207 kB           [1m7[39m[22m  [1m[32m[emitted][39m[22m         
                                                  [1m[33m8.js[39m[22m    [1m[33m1.36 MB[39m[22m           [1m8[39m[22m  [1m[32m[emitted][39m[22m  [1m[33m[big][39m[22m  
                                                  [1m[32m9.js[39m[22m    90.5 kB           [1m9[39m[22m  [1m[32m[emitted][39m[22m         
                                                 [1m[32m10.js[39m[22m     127 kB          [1m10[39m[22m  [1m[32m[emitted][39m[22m         
                                                 [1m[32m11.js[39m[22m      65 kB          [1m11[39m[22m  [1m[32m[emitted][39m[22m         
                                                 [1m[32m12.js[39m[22m    58.3 kB          [1m12[39m[22m  [1m[32m[emitted][39m[22m         
                                                 [1m[33m13.js[39m[22m    [1m[33m1.35 MB[39m[22m          [1m13[39m[22m  [1m[32m[emitted][39m[22m  [1m[33m[big][39m[22m  
                                                 [1m[33m14.js[39m[22m    [1m[33m3.45 MB[39m[22m          [1m14[39m[22m  [1m[32m[emitted][39m[22m  [1m[33m[big][39m[22m  
                                                 [1m[32m15.js[39m[22m    42.6 kB  [1m15, 38, 39[39m[22m  [1m[32m[emitted][39m[22m         
                                                 [1m[33m16.js[39m[22m     [1m[33m527 kB[39m[22m          [1m16[39m[22m  [1m[32m[emitted][39m[22m  [1m[33m[big][39m[22m  
                                                 [1m[33m17.js[39m[22m     [1m[33m329 kB[39m[22m          [1m17[39m[22m  [1m[32m[emitted][39m[22m  [1m[33m[big][39m[22m  
          [1m[32massets/fonts/fontawesome-webfont.674f50d.eot[39m[22m     166 kB            [1m[39m[22m  [1m[32m[emitted][39m[22m         
                                                 [1m[32m19.js[39m[22m    50.6 kB          [1m19[39m[22m  [1m[32m[emitted][39m[22m         
                                                 [1m[32m20.js[39m[22m    53.5 kB          [1m20[39m[22m  [1m[32m[emitted][39m[22m         
                                                 [1m[32m21.js[39m[22m    48.3 kB          [1m21[39m[22m  [1m[32m[emitted][39m[22m         
                                                 [1m[32m22.js[39m[22m    90.8 kB          [1m22[39m[22m  [1m[32m[emitted][39m[22m         
                                                 [1m[32m23.js[39m[22m    41.1 kB          [1m23[39m[22m  [1m[32m[emitted][39m[22m         
                                                 [1m[32m24.js[39m[22m    52.2 kB          [1m24[39m[22m  [1m[32m[emitted][39m[22m         
                                                 [1m[32m25.js[39m[22m    53.6 kB          [1m25[39m[22m  [1m[32m[emitted][39m[22m         
                                                 [1m[33m26.js[39m[22m    [1m[33m11.8 MB[39m[22m          [1m26[39m[22m  [1m[32m[emitted][39m[22m  [1m[33m[big][39m[22m  
                                                 [1m[32m27.js[39m[22m     200 kB          [1m27[39m[22m  [1m[32m[emitted][39m[22m         
                                                 [1m[32m28.js[39m[22m      37 kB          [1m28[39m[22m  [1m[32m[emitted][39m[22m         
                                                 [1m[32m29.js[39m[22m    24.6 kB          [1m29[39m[22m  [1m[32m[emitted][39m[22m         
                                                 [1m[33m30.js[39m[22m     [1m[33m351 kB[39m[22m          [1m30[39m[22m  [1m[32m[emitted][39m[22m  [1m[33m[big][39m[22m  
                                                 [1m[32m31.js[39m[22m    38.4 kB          [1m31[39m[22m  [1m[32m[emitted][39m[22m         
                                                 [1m[32m32.js[39m[22m    36.1 kB          [1m32[39m[22m  [1m[32m[emitted][39m[22m         
                                                 [1m[32m33.js[39m[22m    44.5 kB          [1m33[39m[22m  [1m[32m[emitted][39m[22m         
                                                 [1m[32m34.js[39m[22m    13.4 kB          [1m34[39m[22m  [1m[32m[emitted][39m[22m         
                                                 [1m[32m35.js[39m[22m    6.88 kB          [1m35[39m[22m  [1m[32m[emitted][39m[22m         
                                                 [1m[32m36.js[39m[22m    6.89 kB          [1m36[39m[22m  [1m[32m[emitted][39m[22m         
                                                 [1m[32m37.js[39m[22m    6.92 kB          [1m37[39m[22m  [1m[32m[emitted][39m[22m         
                                                 [1m[32m38.js[39m[22m      13 kB          [1m38[39m[22m  [1m[32m[emitted][39m[22m         
                                                 [1m[32m39.js[39m[22m    8.15 kB          [1m39[39m[22m  [1m[32m[emitted][39m[22m         
                                                 [1m[32m40.js[39m[22m    14.7 kB          [1m40[39m[22m  [1m[32m[emitted][39m[22m         
                                                 [1m[32m41.js[39m[22m     6.9 kB          [1m41[39m[22m  [1m[32m[emitted][39m[22m         
                                                 [1m[32m42.js[39m[22m    6.64 kB          [1m42[39m[22m  [1m[32m[emitted][39m[22m         
                                                [1m[33mapp.js[39m[22m    [1m[33m1.14 MB[39m[22m          [1m43[39m[22m  [1m[32m[emitted][39m[22m  [1m[33m[big][39m[22m  app
                                             [1m[33mvendor.js[39m[22m     [1m[33m891 kB[39m[22m          [1m44[39m[22m  [1m[32m[emitted][39m[22m  [1m[33m[big][39m[22m  vendor
                                              [1m[32mlogo.png[39m[22m    2.52 kB            [1m[39m[22m  [1m[32m[emitted][39m[22m         
                                            [1m[32mindex.html[39m[22m  432 bytes            [1m[39m[22m  [1m[32m[emitted][39m[22m         

[1m[33mWARNING in webpack: Using NoErrorsPlugin is deprecated.
Use NoEmitOnErrorsPlugin instead.
[39m[22m
Child [1mhtml-webpack-plugin for "index.html"[39m[22m:
         [1mAsset[39m[22m     [1mSize[39m[22m  [1mChunks[39m[22m  [1m[39m[22m[1m[39m[22m[1mChunk Names[39m[22m
    [1m[32mindex.html[39m[22m  1.48 MB       [1m0[39m[22m  [1m[32m[39m[22m
webpack: Compiled with warnings.
webpack: Compiling...
webpack building...
webpack built 53e35b12a05da3c1e04d in 981ms
Hash: [1m53e35b12a05da3c1e04d[39m[22m
Version: webpack [1m2.2.1[39m[22m
Time: [1m981[39m[22mms
                                                 [1mAsset[39m[22m      [1mSize[39m[22m      [1mChunks[39m[22m  [1m[39m[22m           [1m[39m[22m       [1mChunk Names[39m[22m
                                                 [1m[32m18.js[39m[22m   53.5 kB          [1m18[39m[22m  [1m[32m[39m[22m                  
            [1m[33massets/img/fontawesome-webfont.912ec66.svg[39m[22m    [1m[33m444 kB[39m[22m            [1m[39m[22m  [1m[32m[39m[22m           [1m[33m[big][39m[22m  
          [1m[32massets/fonts/fontawesome-webfont.b06871f.ttf[39m[22m    166 kB            [1m[39m[22m  [1m[32m[39m[22m                  
        [1m[32massets/fonts/fontawesome-webfont.af7ae50.woff2[39m[22m   77.2 kB            [1m[39m[22m  [1m[32m[39m[22m                  
         [1m[32massets/fonts/fontawesome-webfont.fee66e7.woff[39m[22m     98 kB            [1m[39m[22m  [1m[32m[39m[22m                  
               [1m[33massets/img/emojione.sprites.7f64a26.svg[39m[22m   [1m[33m3.16 MB[39m[22m            [1m[39m[22m  [1m[32m[39m[22m           [1m[33m[big][39m[22m  
    [1m[33massets/img/materialdesignicons-webfont.8b3c39c.svg[39m[22m   [1m[33m1.86 MB[39m[22m            [1m[39m[22m  [1m[32m[39m[22m           [1m[33m[big][39m[22m  
  [1m[32massets/fonts/materialdesignicons-webfont.d5247f9.eot[39m[22m    246 kB            [1m[39m[22m  [1m[32m[39m[22m                  
  [1m[32massets/fonts/materialdesignicons-webfont.3daf0ea.ttf[39m[22m    246 kB            [1m[39m[22m  [1m[32m[39m[22m                  
[1m[32massets/fonts/materialdesignicons-webfont.85f0bd2.woff2[39m[22m   93.9 kB            [1m[39m[22m  [1m[32m[39m[22m                  
 [1m[32massets/fonts/materialdesignicons-webfont.6f612b8.woff[39m[22m    122 kB            [1m[39m[22m  [1m[32m[39m[22m                  
                                                  [1m[33m0.js[39m[22m   [1m[33m2.46 MB[39m[22m           [1m0[39m[22m  [1m[32m[emitted][39m[22m  [1m[33m[big][39m[22m  
                                                  [1m[33m1.js[39m[22m   [1m[33m2.46 MB[39m[22m           [1m1[39m[22m  [1m[32m[39m[22m           [1m[33m[big][39m[22m  
                                                  [1m[33m2.js[39m[22m   [1m[33m2.19 MB[39m[22m           [1m2[39m[22m  [1m[32m[39m[22m           [1m[33m[big][39m[22m  
                                                  [1m[32m3.js[39m[22m    152 kB           [1m3[39m[22m  [1m[32m[39m[22m                  
                                                  [1m[33m4.js[39m[22m    [1m[33m269 kB[39m[22m           [1m4[39m[22m  [1m[32m[39m[22m           [1m[33m[big][39m[22m  
                                                  [1m[32m5.js[39m[22m    106 kB           [1m5[39m[22m  [1m[32m[39m[22m                  
                                                  [1m[32m6.js[39m[22m    120 kB           [1m6[39m[22m  [1m[32m[39m[22m                  
                                                  [1m[32m7.js[39m[22m    207 kB           [1m7[39m[22m  [1m[32m[39m[22m                  
                                                  [1m[33m8.js[39m[22m   [1m[33m1.36 MB[39m[22m           [1m8[39m[22m  [1m[32m[39m[22m           [1m[33m[big][39m[22m  
                                                  [1m[32m9.js[39m[22m   90.5 kB           [1m9[39m[22m  [1m[32m[39m[22m                  
                                                 [1m[32m10.js[39m[22m    127 kB          [1m10[39m[22m  [1m[32m[39m[22m                  
                                                 [1m[32m11.js[39m[22m     65 kB          [1m11[39m[22m  [1m[32m[39m[22m                  
                                                 [1m[32m12.js[39m[22m   58.3 kB          [1m12[39m[22m  [1m[32m[39m[22m                  
                                                 [1m[33m13.js[39m[22m   [1m[33m1.35 MB[39m[22m          [1m13[39m[22m  [1m[32m[39m[22m           [1m[33m[big][39m[22m  
                                                 [1m[33m14.js[39m[22m   [1m[33m3.45 MB[39m[22m          [1m14[39m[22m  [1m[32m[39m[22m           [1m[33m[big][39m[22m  
                                                 [1m[32m15.js[39m[22m   42.6 kB  [1m15, 38, 39[39m[22m  [1m[32m[39m[22m                  
                                                 [1m[33m16.js[39m[22m    [1m[33m527 kB[39m[22m          [1m16[39m[22m  [1m[32m[39m[22m           [1m[33m[big][39m[22m  
                                                 [1m[33m17.js[39m[22m    [1m[33m329 kB[39m[22m          [1m17[39m[22m  [1m[32m[39m[22m           [1m[33m[big][39m[22m  
          [1m[32massets/fonts/fontawesome-webfont.674f50d.eot[39m[22m    166 kB            [1m[39m[22m  [1m[32m[39m[22m                  
                                                 [1m[32m19.js[39m[22m   50.6 kB          [1m19[39m[22m  [1m[32m[39m[22m                  
                                                 [1m[32m20.js[39m[22m   53.5 kB          [1m20[39m[22m  [1m[32m[39m[22m                  
                                                 [1m[32m21.js[39m[22m   48.3 kB          [1m21[39m[22m  [1m[32m[39m[22m                  
                                                 [1m[32m22.js[39m[22m   90.8 kB          [1m22[39m[22m  [1m[32m[39m[22m                  
                                                 [1m[32m23.js[39m[22m   41.1 kB          [1m23[39m[22m  [1m[32m[39m[22m                  
                                                 [1m[32m24.js[39m[22m   52.2 kB          [1m24[39m[22m  [1m[32m[39m[22m                  
                                                 [1m[32m25.js[39m[22m   53.6 kB          [1m25[39m[22m  [1m[32m[39m[22m                  
                                                 [1m[33m26.js[39m[22m   [1m[33m11.8 MB[39m[22m          [1m26[39m[22m  [1m[32m[39m[22m           [1m[33m[big][39m[22m  
                                                 [1m[32m27.js[39m[22m    200 kB          [1m27[39m[22m  [1m[32m[39m[22m                  
                                                 [1m[32m28.js[39m[22m     37 kB          [1m28[39m[22m  [1m[32m[39m[22m                  
                                                 [1m[32m29.js[39m[22m   24.6 kB          [1m29[39m[22m  [1m[32m[39m[22m                  
                                                 [1m[33m30.js[39m[22m    [1m[33m351 kB[39m[22m          [1m30[39m[22m  [1m[32m[39m[22m           [1m[33m[big][39m[22m  
                                                 [1m[32m31.js[39m[22m   38.4 kB          [1m31[39m[22m  [1m[32m[39m[22m                  
                                                 [1m[32m32.js[39m[22m   36.1 kB          [1m32[39m[22m  [1m[32m[39m[22m                  
                                                 [1m[32m33.js[39m[22m   44.5 kB          [1m33[39m[22m  [1m[32m[39m[22m                  
                                                 [1m[32m34.js[39m[22m   13.4 kB          [1m34[39m[22m  [1m[32m[39m[22m                  
                                                 [1m[32m35.js[39m[22m   6.88 kB          [1m35[39m[22m  [1m[32m[39m[22m                  
                                                 [1m[32m36.js[39m[22m   6.89 kB          [1m36[39m[22m  [1m[32m[39m[22m                  
                                                 [1m[32m37.js[39m[22m   6.92 kB          [1m37[39m[22m  [1m[32m[39m[22m                  
                                                 [1m[32m38.js[39m[22m     13 kB          [1m38[39m[22m  [1m[32m[39m[22m                  
                                                 [1m[32m39.js[39m[22m   8.15 kB          [1m39[39m[22m  [1m[32m[39m[22m                  
                                                 [1m[32m40.js[39m[22m   14.7 kB          [1m40[39m[22m  [1m[32m[39m[22m                  
                                                 [1m[32m41.js[39m[22m    6.9 kB          [1m41[39m[22m  [1m[32m[39m[22m                  
                                                 [1m[32m42.js[39m[22m   6.64 kB          [1m42[39m[22m  [1m[32m[39m[22m                  
                                                [1m[33mapp.js[39m[22m   [1m[33m1.14 MB[39m[22m          [1m43[39m[22m  [1m[32m[39m[22m           [1m[33m[big][39m[22m  app
                                             [1m[33mvendor.js[39m[22m    [1m[33m891 kB[39m[22m          [1m44[39m[22m  [1m[32m[emitted][39m[22m  [1m[33m[big][39m[22m  vendor
                  [1m[32m0.74fe26e968fc3692f946.hot-update.js[39m[22m   29.3 kB           [1m0[39m[22m  [1m[32m[emitted][39m[22m         
                  [1m[32m74fe26e968fc3692f946.hot-update.json[39m[22m  43 bytes            [1m[39m[22m  [1m[32m[emitted][39m[22m         
Child [1mhtml-webpack-plugin for "index.html"[39m[22m:
         [1mAsset[39m[22m     [1mSize[39m[22m  [1mChunks[39m[22m  [1m[39m[22m[1m[39m[22m[1mChunk Names[39m[22m
    [1m[32mindex.html[39m[22m  1.48 MB       [1m0[39m[22m  [1m[32m[39m[22m
webpack: Compiled successfully.
webpack: Compiling...
webpack building...
webpack built db67b6ca332c863d3aed in 676ms
Hash: [1mdb67b6ca332c863d3aed[39m[22m
Version: webpack [1m2.2.1[39m[22m
Time: [1m676[39m[22mms
                                                 [1mAsset[39m[22m      [1mSize[39m[22m      [1mChunks[39m[22m  [1m[39m[22m           [1m[39m[22m       [1mChunk Names[39m[22m
                                                 [1m[32m18.js[39m[22m   53.5 kB          [1m18[39m[22m  [1m[32m[39m[22m                  
            [1m[33massets/img/fontawesome-webfont.912ec66.svg[39m[22m    [1m[33m444 kB[39m[22m            [1m[39m[22m  [1m[32m[39m[22m           [1m[33m[big][39m[22m  
          [1m[32massets/fonts/fontawesome-webfont.b06871f.ttf[39m[22m    166 kB            [1m[39m[22m  [1m[32m[39m[22m                  
        [1m[32massets/fonts/fontawesome-webfont.af7ae50.woff2[39m[22m   77.2 kB            [1m[39m[22m  [1m[32m[39m[22m                  
         [1m[32massets/fonts/fontawesome-webfont.fee66e7.woff[39m[22m     98 kB            [1m[39m[22m  [1m[32m[39m[22m                  
               [1m[33massets/img/emojione.sprites.7f64a26.svg[39m[22m   [1m[33m3.16 MB[39m[22m            [1m[39m[22m  [1m[32m[39m[22m           [1m[33m[big][39m[22m  
    [1m[33massets/img/materialdesignicons-webfont.8b3c39c.svg[39m[22m   [1m[33m1.86 MB[39m[22m            [1m[39m[22m  [1m[32m[39m[22m           [1m[33m[big][39m[22m  
  [1m[32massets/fonts/materialdesignicons-webfont.d5247f9.eot[39m[22m    246 kB            [1m[39m[22m  [1m[32m[39m[22m                  
  [1m[32massets/fonts/materialdesignicons-webfont.3daf0ea.ttf[39m[22m    246 kB            [1m[39m[22m  [1m[32m[39m[22m                  
[1m[32massets/fonts/materialdesignicons-webfont.85f0bd2.woff2[39m[22m   93.9 kB            [1m[39m[22m  [1m[32m[39m[22m                  
 [1m[32massets/fonts/materialdesignicons-webfont.6f612b8.woff[39m[22m    122 kB            [1m[39m[22m  [1m[32m[39m[22m                  
                                                  [1m[33m0.js[39m[22m   [1m[33m2.46 MB[39m[22m           [1m0[39m[22m  [1m[32m[39m[22m           [1m[33m[big][39m[22m  
                                                  [1m[33m1.js[39m[22m   [1m[33m2.46 MB[39m[22m           [1m1[39m[22m  [1m[32m[emitted][39m[22m  [1m[33m[big][39m[22m  
                                                  [1m[33m2.js[39m[22m   [1m[33m2.19 MB[39m[22m           [1m2[39m[22m  [1m[32m[39m[22m           [1m[33m[big][39m[22m  
                                                  [1m[32m3.js[39m[22m    152 kB           [1m3[39m[22m  [1m[32m[39m[22m                  
                                                  [1m[33m4.js[39m[22m    [1m[33m269 kB[39m[22m           [1m4[39m[22m  [1m[32m[39m[22m           [1m[33m[big][39m[22m  
                                                  [1m[32m5.js[39m[22m    106 kB           [1m5[39m[22m  [1m[32m[39m[22m                  
                                                  [1m[32m6.js[39m[22m    120 kB           [1m6[39m[22m  [1m[32m[39m[22m                  
                                                  [1m[32m7.js[39m[22m    207 kB           [1m7[39m[22m  [1m[32m[39m[22m                  
                                                  [1m[33m8.js[39m[22m   [1m[33m1.36 MB[39m[22m           [1m8[39m[22m  [1m[32m[39m[22m           [1m[33m[big][39m[22m  
                                                  [1m[32m9.js[39m[22m   90.5 kB           [1m9[39m[22m  [1m[32m[39m[22m                  
                                                 [1m[32m10.js[39m[22m    127 kB          [1m10[39m[22m  [1m[32m[39m[22m                  
                                                 [1m[32m11.js[39m[22m     65 kB          [1m11[39m[22m  [1m[32m[39m[22m                  
                                                 [1m[32m12.js[39m[22m   58.3 kB          [1m12[39m[22m  [1m[32m[39m[22m                  
                                                 [1m[33m13.js[39m[22m   [1m[33m1.35 MB[39m[22m          [1m13[39m[22m  [1m[32m[39m[22m           [1m[33m[big][39m[22m  
                                                 [1m[33m14.js[39m[22m   [1m[33m3.45 MB[39m[22m          [1m14[39m[22m  [1m[32m[39m[22m           [1m[33m[big][39m[22m  
                                                 [1m[32m15.js[39m[22m   42.6 kB  [1m15, 38, 39[39m[22m  [1m[32m[39m[22m                  
                                                 [1m[33m16.js[39m[22m    [1m[33m527 kB[39m[22m          [1m16[39m[22m  [1m[32m[39m[22m           [1m[33m[big][39m[22m  
                                                 [1m[33m17.js[39m[22m    [1m[33m329 kB[39m[22m          [1m17[39m[22m  [1m[32m[39m[22m           [1m[33m[big][39m[22m  
          [1m[32massets/fonts/fontawesome-webfont.674f50d.eot[39m[22m    166 kB            [1m[39m[22m  [1m[32m[39m[22m                  
                                                 [1m[32m19.js[39m[22m   50.6 kB          [1m19[39m[22m  [1m[32m[39m[22m                  
                                                 [1m[32m20.js[39m[22m   53.5 kB          [1m20[39m[22m  [1m[32m[39m[22m                  
                                                 [1m[32m21.js[39m[22m   48.3 kB          [1m21[39m[22m  [1m[32m[39m[22m                  
                                                 [1m[32m22.js[39m[22m   90.8 kB          [1m22[39m[22m  [1m[32m[39m[22m                  
                                                 [1m[32m23.js[39m[22m   41.1 kB          [1m23[39m[22m  [1m[32m[39m[22m                  
                                                 [1m[32m24.js[39m[22m   52.2 kB          [1m24[39m[22m  [1m[32m[39m[22m                  
                                                 [1m[32m25.js[39m[22m   53.6 kB          [1m25[39m[22m  [1m[32m[39m[22m                  
                                                 [1m[33m26.js[39m[22m   [1m[33m11.8 MB[39m[22m          [1m26[39m[22m  [1m[32m[39m[22m           [1m[33m[big][39m[22m  
                                                 [1m[32m27.js[39m[22m    200 kB          [1m27[39m[22m  [1m[32m[39m[22m                  
                                                 [1m[32m28.js[39m[22m     37 kB          [1m28[39m[22m  [1m[32m[39m[22m                  
                                                 [1m[32m29.js[39m[22m   24.6 kB          [1m29[39m[22m  [1m[32m[39m[22m                  
                                                 [1m[33m30.js[39m[22m    [1m[33m351 kB[39m[22m          [1m30[39m[22m  [1m[32m[39m[22m           [1m[33m[big][39m[22m  
                                                 [1m[32m31.js[39m[22m   38.4 kB          [1m31[39m[22m  [1m[32m[39m[22m                  
                                                 [1m[32m32.js[39m[22m   36.1 kB          [1m32[39m[22m  [1m[32m[39m[22m                  
                                                 [1m[32m33.js[39m[22m   44.5 kB          [1m33[39m[22m  [1m[32m[39m[22m                  
                                                 [1m[32m34.js[39m[22m   13.4 kB          [1m34[39m[22m  [1m[32m[39m[22m                  
                                                 [1m[32m35.js[39m[22m   6.88 kB          [1m35[39m[22m  [1m[32m[39m[22m                  
                                                 [1m[32m36.js[39m[22m   6.89 kB          [1m36[39m[22m  [1m[32m[39m[22m                  
                                                 [1m[32m37.js[39m[22m   6.92 kB          [1m37[39m[22m  [1m[32m[39m[22m                  
                                                 [1m[32m38.js[39m[22m     13 kB          [1m38[39m[22m  [1m[32m[39m[22m                  
                                                 [1m[32m39.js[39m[22m   8.15 kB          [1m39[39m[22m  [1m[32m[39m[22m                  
                                                 [1m[32m40.js[39m[22m   14.7 kB          [1m40[39m[22m  [1m[32m[39m[22m                  
                                                 [1m[32m41.js[39m[22m    6.9 kB          [1m41[39m[22m  [1m[32m[39m[22m                  
                                                 [1m[32m42.js[39m[22m   6.64 kB          [1m42[39m[22m  [1m[32m[39m[22m                  
                                                [1m[33mapp.js[39m[22m   [1m[33m1.14 MB[39m[22m          [1m43[39m[22m  [1m[32m[39m[22m           [1m[33m[big][39m[22m  app
                                             [1m[33mvendor.js[39m[22m    [1m[33m891 kB[39m[22m          [1m44[39m[22m  [1m[32m[emitted][39m[22m  [1m[33m[big][39m[22m  vendor
                  [1m[32m1.53e35b12a05da3c1e04d.hot-update.js[39m[22m     11 kB           [1m1[39m[22m  [1m[32m[emitted][39m[22m         
                  [1m[32m53e35b12a05da3c1e04d.hot-update.json[39m[22m  43 bytes            [1m[39m[22m  [1m[32m[emitted][39m[22m         
Child [1mhtml-webpack-plugin for "index.html"[39m[22m:
         [1mAsset[39m[22m     [1mSize[39m[22m  [1mChunks[39m[22m  [1m[39m[22m[1m[39m[22m[1mChunk Names[39m[22m
    [1m[32mindex.html[39m[22m  1.48 MB       [1m0[39m[22m  [1m[32m[39m[22m
webpack: Compiled successfully.
webpack: Compiling...
webpack building...
webpack built db67b6ca332c863d3aed in 540ms
Hash: [1mdb67b6ca332c863d3aed[39m[22m
Version: webpack [1m2.2.1[39m[22m
Time: [1m540[39m[22mms
                                                 [1mAsset[39m[22m     [1mSize[39m[22m      [1mChunks[39m[22m  [1m[39m[22m[1m[39m[22m       [1mChunk Names[39m[22m
                                                 [1m[33m17.js[39m[22m   [1m[33m329 kB[39m[22m          [1m17[39m[22m  [1m[32m[39m[22m[1m[33m[big][39m[22m  
            [1m[33massets/img/fontawesome-webfont.912ec66.svg[39m[22m   [1m[33m444 kB[39m[22m            [1m[39m[22m  [1m[32m[39m[22m[1m[33m[big][39m[22m  
          [1m[32massets/fonts/fontawesome-webfont.b06871f.ttf[39m[22m   166 kB            [1m[39m[22m  [1m[32m[39m[22m       
        [1m[32massets/fonts/fontawesome-webfont.af7ae50.woff2[39m[22m  77.2 kB            [1m[39m[22m  [1m[32m[39m[22m       
         [1m[32massets/fonts/fontawesome-webfont.fee66e7.woff[39m[22m    98 kB            [1m[39m[22m  [1m[32m[39m[22m       
               [1m[33massets/img/emojione.sprites.7f64a26.svg[39m[22m  [1m[33m3.16 MB[39m[22m            [1m[39m[22m  [1m[32m[39m[22m[1m[33m[big][39m[22m  
    [1m[33massets/img/materialdesignicons-webfont.8b3c39c.svg[39m[22m  [1m[33m1.86 MB[39m[22m            [1m[39m[22m  [1m[32m[39m[22m[1m[33m[big][39m[22m  
  [1m[32massets/fonts/materialdesignicons-webfont.d5247f9.eot[39m[22m   246 kB            [1m[39m[22m  [1m[32m[39m[22m       
  [1m[32massets/fonts/materialdesignicons-webfont.3daf0ea.ttf[39m[22m   246 kB            [1m[39m[22m  [1m[32m[39m[22m       
[1m[32massets/fonts/materialdesignicons-webfont.85f0bd2.woff2[39m[22m  93.9 kB            [1m[39m[22m  [1m[32m[39m[22m       
 [1m[32massets/fonts/materialdesignicons-webfont.6f612b8.woff[39m[22m   122 kB            [1m[39m[22m  [1m[32m[39m[22m       
                                                  [1m[33m0.js[39m[22m  [1m[33m2.46 MB[39m[22m           [1m0[39m[22m  [1m[32m[39m[22m[1m[33m[big][39m[22m  
                                                  [1m[33m1.js[39m[22m  [1m[33m2.46 MB[39m[22m           [1m1[39m[22m  [1m[32m[39m[22m[1m[33m[big][39m[22m  
                                                  [1m[33m2.js[39m[22m  [1m[33m2.19 MB[39m[22m           [1m2[39m[22m  [1m[32m[39m[22m[1m[33m[big][39m[22m  
                                                  [1m[32m3.js[39m[22m   152 kB           [1m3[39m[22m  [1m[32m[39m[22m       
                                                  [1m[33m4.js[39m[22m   [1m[33m269 kB[39m[22m           [1m4[39m[22m  [1m[32m[39m[22m[1m[33m[big][39m[22m  
                                                  [1m[32m5.js[39m[22m   106 kB           [1m5[39m[22m  [1m[32m[39m[22m       
                                                  [1m[32m6.js[39m[22m   120 kB           [1m6[39m[22m  [1m[32m[39m[22m       
                                                  [1m[32m7.js[39m[22m   207 kB           [1m7[39m[22m  [1m[32m[39m[22m       
                                                  [1m[33m8.js[39m[22m  [1m[33m1.36 MB[39m[22m           [1m8[39m[22m  [1m[32m[39m[22m[1m[33m[big][39m[22m  
                                                  [1m[32m9.js[39m[22m  90.5 kB           [1m9[39m[22m  [1m[32m[39m[22m       
                                                 [1m[32m10.js[39m[22m   127 kB          [1m10[39m[22m  [1m[32m[39m[22m       
                                                 [1m[32m11.js[39m[22m    65 kB          [1m11[39m[22m  [1m[32m[39m[22m       
                                                 [1m[32m12.js[39m[22m  58.3 kB          [1m12[39m[22m  [1m[32m[39m[22m       
                                                 [1m[33m13.js[39m[22m  [1m[33m1.35 MB[39m[22m          [1m13[39m[22m  [1m[32m[39m[22m[1m[33m[big][39m[22m  
                                                 [1m[33m14.js[39m[22m  [1m[33m3.45 MB[39m[22m          [1m14[39m[22m  [1m[32m[39m[22m[1m[33m[big][39m[22m  
                                                 [1m[32m15.js[39m[22m  42.6 kB  [1m15, 38, 39[39m[22m  [1m[32m[39m[22m       
                                                 [1m[33m16.js[39m[22m   [1m[33m527 kB[39m[22m          [1m16[39m[22m  [1m[32m[39m[22m[1m[33m[big][39m[22m  
          [1m[32massets/fonts/fontawesome-webfont.674f50d.eot[39m[22m   166 kB            [1m[39m[22m  [1m[32m[39m[22m       
                                                 [1m[32m18.js[39m[22m  53.5 kB          [1m18[39m[22m  [1m[32m[39m[22m       
                                                 [1m[32m19.js[39m[22m  50.6 kB          [1m19[39m[22m  [1m[32m[39m[22m       
                                                 [1m[32m20.js[39m[22m  53.5 kB          [1m20[39m[22m  [1m[32m[39m[22m       
                                                 [1m[32m21.js[39m[22m  48.3 kB          [1m21[39m[22m  [1m[32m[39m[22m       
                                                 [1m[32m22.js[39m[22m  90.8 kB          [1m22[39m[22m  [1m[32m[39m[22m       
                                                 [1m[32m23.js[39m[22m  41.1 kB          [1m23[39m[22m  [1m[32m[39m[22m       
                                                 [1m[32m24.js[39m[22m  52.2 kB          [1m24[39m[22m  [1m[32m[39m[22m       
                                                 [1m[32m25.js[39m[22m  53.6 kB          [1m25[39m[22m  [1m[32m[39m[22m       
                                                 [1m[33m26.js[39m[22m  [1m[33m11.8 MB[39m[22m          [1m26[39m[22m  [1m[32m[39m[22m[1m[33m[big][39m[22m  
                                                 [1m[32m27.js[39m[22m   200 kB          [1m27[39m[22m  [1m[32m[39m[22m       
                                                 [1m[32m28.js[39m[22m    37 kB          [1m28[39m[22m  [1m[32m[39m[22m       
                                                 [1m[32m29.js[39m[22m  24.6 kB          [1m29[39m[22m  [1m[32m[39m[22m       
                                                 [1m[33m30.js[39m[22m   [1m[33m351 kB[39m[22m          [1m30[39m[22m  [1m[32m[39m[22m[1m[33m[big][39m[22m  
                                                 [1m[32m31.js[39m[22m  38.4 kB          [1m31[39m[22m  [1m[32m[39m[22m       
                                                 [1m[32m32.js[39m[22m  36.1 kB          [1m32[39m[22m  [1m[32m[39m[22m       
                                                 [1m[32m33.js[39m[22m  44.5 kB          [1m33[39m[22m  [1m[32m[39m[22m       
                                                 [1m[32m34.js[39m[22m  13.4 kB          [1m34[39m[22m  [1m[32m[39m[22m       
                                                 [1m[32m35.js[39m[22m  6.88 kB          [1m35[39m[22m  [1m[32m[39m[22m       
                                                 [1m[32m36.js[39m[22m  6.89 kB          [1m36[39m[22m  [1m[32m[39m[22m       
                                                 [1m[32m37.js[39m[22m  6.92 kB          [1m37[39m[22m  [1m[32m[39m[22m       
                                                 [1m[32m38.js[39m[22m    13 kB          [1m38[39m[22m  [1m[32m[39m[22m       
                                                 [1m[32m39.js[39m[22m  8.15 kB          [1m39[39m[22m  [1m[32m[39m[22m       
                                                 [1m[32m40.js[39m[22m  14.7 kB          [1m40[39m[22m  [1m[32m[39m[22m       
                                                 [1m[32m41.js[39m[22m   6.9 kB          [1m41[39m[22m  [1m[32m[39m[22m       
                                                 [1m[32m42.js[39m[22m  6.64 kB          [1m42[39m[22m  [1m[32m[39m[22m       
                                                [1m[33mapp.js[39m[22m  [1m[33m1.14 MB[39m[22m          [1m43[39m[22m  [1m[32m[39m[22m[1m[33m[big][39m[22m  app
                                             [1m[33mvendor.js[39m[22m   [1m[33m891 kB[39m[22m          [1m44[39m[22m  [1m[32m[39m[22m[1m[33m[big][39m[22m  vendor
Child [1mhtml-webpack-plugin for "index.html"[39m[22m:
         [1mAsset[39m[22m     [1mSize[39m[22m  [1mChunks[39m[22m  [1m[39m[22m[1m[39m[22m[1mChunk Names[39m[22m
    [1m[32mindex.html[39m[22m  1.48 MB       [1m0[39m[22m  [1m[32m[39m[22m
webpack: Compiled successfully.
webpack: Compiling...
webpack building...
webpack built 224a7ab12a7ecc6b0932 in 586ms
Hash: [1m224a7ab12a7ecc6b0932[39m[22m
Version: webpack [1m2.2.1[39m[22m
Time: [1m586[39m[22mms
                                                 [1mAsset[39m[22m      [1mSize[39m[22m      [1mChunks[39m[22m  [1m[39m[22m           [1m[39m[22m       [1mChunk Names[39m[22m
                                                 [1m[32m18.js[39m[22m   53.5 kB          [1m18[39m[22m  [1m[32m[39m[22m                  
            [1m[33massets/img/fontawesome-webfont.912ec66.svg[39m[22m    [1m[33m444 kB[39m[22m            [1m[39m[22m  [1m[32m[39m[22m           [1m[33m[big][39m[22m  
          [1m[32massets/fonts/fontawesome-webfont.b06871f.ttf[39m[22m    166 kB            [1m[39m[22m  [1m[32m[39m[22m                  
        [1m[32massets/fonts/fontawesome-webfont.af7ae50.woff2[39m[22m   77.2 kB            [1m[39m[22m  [1m[32m[39m[22m                  
         [1m[32massets/fonts/fontawesome-webfont.fee66e7.woff[39m[22m     98 kB            [1m[39m[22m  [1m[32m[39m[22m                  
               [1m[33massets/img/emojione.sprites.7f64a26.svg[39m[22m   [1m[33m3.16 MB[39m[22m            [1m[39m[22m  [1m[32m[39m[22m           [1m[33m[big][39m[22m  
    [1m[33massets/img/materialdesignicons-webfont.8b3c39c.svg[39m[22m   [1m[33m1.86 MB[39m[22m            [1m[39m[22m  [1m[32m[39m[22m           [1m[33m[big][39m[22m  
  [1m[32massets/fonts/materialdesignicons-webfont.d5247f9.eot[39m[22m    246 kB            [1m[39m[22m  [1m[32m[39m[22m                  
  [1m[32massets/fonts/materialdesignicons-webfont.3daf0ea.ttf[39m[22m    246 kB            [1m[39m[22m  [1m[32m[39m[22m                  
[1m[32massets/fonts/materialdesignicons-webfont.85f0bd2.woff2[39m[22m   93.9 kB            [1m[39m[22m  [1m[32m[39m[22m                  
 [1m[32massets/fonts/materialdesignicons-webfont.6f612b8.woff[39m[22m    122 kB            [1m[39m[22m  [1m[32m[39m[22m                  
                                                  [1m[33m0.js[39m[22m   [1m[33m2.46 MB[39m[22m           [1m0[39m[22m  [1m[32m[emitted][39m[22m  [1m[33m[big][39m[22m  
                                                  [1m[33m1.js[39m[22m   [1m[33m2.46 MB[39m[22m           [1m1[39m[22m  [1m[32m[emitted][39m[22m  [1m[33m[big][39m[22m  
                                                  [1m[33m2.js[39m[22m   [1m[33m2.19 MB[39m[22m           [1m2[39m[22m  [1m[32m[39m[22m           [1m[33m[big][39m[22m  
                                                  [1m[32m3.js[39m[22m    152 kB           [1m3[39m[22m  [1m[32m[39m[22m                  
                                                  [1m[33m4.js[39m[22m    [1m[33m269 kB[39m[22m           [1m4[39m[22m  [1m[32m[39m[22m           [1m[33m[big][39m[22m  
                                                  [1m[32m5.js[39m[22m    106 kB           [1m5[39m[22m  [1m[32m[39m[22m                  
                                                  [1m[32m6.js[39m[22m    120 kB           [1m6[39m[22m  [1m[32m[39m[22m                  
                                                  [1m[32m7.js[39m[22m    207 kB           [1m7[39m[22m  [1m[32m[39m[22m                  
                                                  [1m[33m8.js[39m[22m   [1m[33m1.36 MB[39m[22m           [1m8[39m[22m  [1m[32m[39m[22m           [1m[33m[big][39m[22m  
                                                  [1m[32m9.js[39m[22m   90.5 kB           [1m9[39m[22m  [1m[32m[39m[22m                  
                                                 [1m[32m10.js[39m[22m    127 kB          [1m10[39m[22m  [1m[32m[39m[22m                  
                                                 [1m[32m11.js[39m[22m     65 kB          [1m11[39m[22m  [1m[32m[39m[22m                  
                                                 [1m[32m12.js[39m[22m   58.3 kB          [1m12[39m[22m  [1m[32m[39m[22m                  
                                                 [1m[33m13.js[39m[22m   [1m[33m1.35 MB[39m[22m          [1m13[39m[22m  [1m[32m[39m[22m           [1m[33m[big][39m[22m  
                                                 [1m[33m14.js[39m[22m   [1m[33m3.45 MB[39m[22m          [1m14[39m[22m  [1m[32m[39m[22m           [1m[33m[big][39m[22m  
                                                 [1m[32m15.js[39m[22m   42.6 kB  [1m15, 38, 39[39m[22m  [1m[32m[39m[22m                  
                                                 [1m[33m16.js[39m[22m    [1m[33m527 kB[39m[22m          [1m16[39m[22m  [1m[32m[39m[22m           [1m[33m[big][39m[22m  
                                                 [1m[33m17.js[39m[22m    [1m[33m329 kB[39m[22m          [1m17[39m[22m  [1m[32m[39m[22m           [1m[33m[big][39m[22m  
          [1m[32massets/fonts/fontawesome-webfont.674f50d.eot[39m[22m    166 kB            [1m[39m[22m  [1m[32m[39m[22m                  
                                                 [1m[32m19.js[39m[22m   50.6 kB          [1m19[39m[22m  [1m[32m[39m[22m                  
                                                 [1m[32m20.js[39m[22m   53.5 kB          [1m20[39m[22m  [1m[32m[39m[22m                  
                                                 [1m[32m21.js[39m[22m   48.3 kB          [1m21[39m[22m  [1m[32m[39m[22m                  
                                                 [1m[32m22.js[39m[22m   90.8 kB          [1m22[39m[22m  [1m[32m[39m[22m                  
                                                 [1m[32m23.js[39m[22m   41.1 kB          [1m23[39m[22m  [1m[32m[39m[22m                  
                                                 [1m[32m24.js[39m[22m   52.2 kB          [1m24[39m[22m  [1m[32m[39m[22m                  
                                                 [1m[32m25.js[39m[22m   53.6 kB          [1m25[39m[22m  [1m[32m[39m[22m                  
                                                 [1m[33m26.js[39m[22m   [1m[33m11.8 MB[39m[22m          [1m26[39m[22m  [1m[32m[39m[22m           [1m[33m[big][39m[22m  
                                                 [1m[32m27.js[39m[22m    200 kB          [1m27[39m[22m  [1m[32m[39m[22m                  
                                                 [1m[32m28.js[39m[22m     37 kB          [1m28[39m[22m  [1m[32m[39m[22m                  
                                                 [1m[32m29.js[39m[22m   24.6 kB          [1m29[39m[22m  [1m[32m[39m[22m                  
                                                 [1m[33m30.js[39m[22m    [1m[33m351 kB[39m[22m          [1m30[39m[22m  [1m[32m[39m[22m           [1m[33m[big][39m[22m  
                                                 [1m[32m31.js[39m[22m   38.4 kB          [1m31[39m[22m  [1m[32m[39m[22m                  
                                                 [1m[32m32.js[39m[22m   36.1 kB          [1m32[39m[22m  [1m[32m[39m[22m                  
                                                 [1m[32m33.js[39m[22m   44.5 kB          [1m33[39m[22m  [1m[32m[39m[22m                  
                                                 [1m[32m34.js[39m[22m   13.4 kB          [1m34[39m[22m  [1m[32m[39m[22m                  
                                                 [1m[32m35.js[39m[22m   6.88 kB          [1m35[39m[22m  [1m[32m[39m[22m                  
                                                 [1m[32m36.js[39m[22m   6.89 kB          [1m36[39m[22m  [1m[32m[39m[22m                  
                                                 [1m[32m37.js[39m[22m   6.92 kB          [1m37[39m[22m  [1m[32m[39m[22m                  
                                                 [1m[32m38.js[39m[22m     13 kB          [1m38[39m[22m  [1m[32m[39m[22m                  
                                                 [1m[32m39.js[39m[22m   8.15 kB          [1m39[39m[22m  [1m[32m[39m[22m                  
                                                 [1m[32m40.js[39m[22m   14.7 kB          [1m40[39m[22m  [1m[32m[39m[22m                  
                                                 [1m[32m41.js[39m[22m    6.9 kB          [1m41[39m[22m  [1m[32m[39m[22m                  
                                                 [1m[32m42.js[39m[22m   6.64 kB          [1m42[39m[22m  [1m[32m[39m[22m                  
                                                [1m[33mapp.js[39m[22m   [1m[33m1.14 MB[39m[22m          [1m43[39m[22m  [1m[32m[39m[22m           [1m[33m[big][39m[22m  app
                                             [1m[33mvendor.js[39m[22m    [1m[33m891 kB[39m[22m          [1m44[39m[22m  [1m[32m[emitted][39m[22m  [1m[33m[big][39m[22m  vendor
                  [1m[32m0.db67b6ca332c863d3aed.hot-update.js[39m[22m   4.29 kB           [1m0[39m[22m  [1m[32m[emitted][39m[22m         
                  [1m[32m1.db67b6ca332c863d3aed.hot-update.js[39m[22m   4.29 kB           [1m1[39m[22m  [1m[32m[emitted][39m[22m         
                  [1m[32mdb67b6ca332c863d3aed.hot-update.json[39m[22m  52 bytes            [1m[39m[22m  [1m[32m[emitted][39m[22m         
Child [1mhtml-webpack-plugin for "index.html"[39m[22m:
         [1mAsset[39m[22m     [1mSize[39m[22m  [1mChunks[39m[22m  [1m[39m[22m[1m[39m[22m[1mChunk Names[39m[22m
    [1m[32mindex.html[39m[22m  1.48 MB       [1m0[39m[22m  [1m[32m[39m[22m
webpack: Compiled successfully.
